
¨
23•Qeu.tsystems.mms.tic.testframework.execution.testng.worker.start.MethodStartWorker6Run Configuration RunTesterraCucumberTest.setUpClass() “—≈ä≤3*Test workerB23
Æ
24ßPeu.tsystems.mms.tic.testframework.execution.testng.worker.finish.MethodEndWorker9Passed Configuration RunTesterraCucumberTest.setUpClass() ‡“≈ä≤3*Test workerB24
´
27§Qeu.tsystems.mms.tic.testframework.execution.testng.worker.start.MethodStartWorker5Run Configuration RunTesterraCucumberTest.scenarios() Í“≈ä≤3*Test workerB27
≠
28¶Peu.tsystems.mms.tic.testframework.execution.testng.worker.finish.MethodEndWorker8Passed Configuration RunTesterraCucumberTest.scenarios() Ï“≈ä≤3*Test workerB28
Ø
25®Qeu.tsystems.mms.tic.testframework.execution.testng.worker.start.MethodStartWorker9Run Configuration RunTesterraCucumberTest.tearDownClass()  ﬁ∆ä≤3*Test workerB25
±
26™Peu.tsystems.mms.tic.testframework.execution.testng.worker.finish.MethodEndWorker<Passed Configuration RunTesterraCucumberTest.tearDownClass() ”ﬁ∆ä≤3*Test workerB26
˝
126ıQeu.tsystems.mms.tic.testframework.execution.testng.worker.start.MethodStartWorker|Run Test RunTesterraCucumberTest.runScenario("expected failing search with Fails Annotation", "tests related to @Fails tag") â”≈ä≤3*TestNG-PoolService-3B126
â
127Å=eu.tsystems.mms.tic.testframework.report.model.steps.TestStepBegin "the user does a step" Ñ‘≈ä≤3*TestNG-PoolService-3B127
|
128u=eu.tsystems.mms.tic.testframework.report.model.steps.TestStepBegin "it fails" á‘≈ä≤3*TestNG-PoolService-3B128
´
130£3eu.tsystems.mms.tic.testframework.utils.UITestUtilsHCould not create screenshots: No sessions found in current test context. ò‘≈ä≤3*TestNG-PoolService-3B130
√
131ªPeu.tsystems.mms.tic.testframework.execution.testng.worker.finish.MethodEndWorkerFailed Test RunTesterraCucumberTest.runScenario("expected failing search with Fails Annotation", "tests related to @Fails tag") Ø‘≈ä≤3*TestNG-PoolService-32¡
java.lang.AssertionErrorThis step is supposed to fail'org.testng.Assert.fail(Assert.java:111)aeu.tsystems.mms.tic.testerra.test.cucumber.steps.StepDefinitions.itFails(StepDefinitions.java:33)z‚úΩ.it fails(file:///C:/dev/github_testerra-cucumber-connector/src/test/resources/features/ExpectedFailedTests.feature:14)B131
É
132˚Qeu.tsystems.mms.tic.testframework.execution.testng.worker.start.MethodStartWorkerÅRun Test RunTesterraCucumberTest.runScenario("scenario with fails on failing step implementation", "tests related to @Fails tag") à”≈ä≤3*TestNG-PoolService-4B132
â
133Å=eu.tsystems.mms.tic.testframework.report.model.steps.TestStepBegin "the user does a step" Ñ‘≈ä≤3*TestNG-PoolService-4B133
à
134Ä=eu.tsystems.mms.tic.testframework.report.model.steps.TestStepBegin "it fails expectedly" á‘≈ä≤3*TestNG-PoolService-4B134
´
136£3eu.tsystems.mms.tic.testframework.utils.UITestUtilsHCould not create screenshots: No sessions found in current test context. ò‘≈ä≤3*TestNG-PoolService-4B136
ı
137ÌPeu.tsystems.mms.tic.testframework.execution.testng.worker.finish.MethodEndWorkerÑFailed Test RunTesterraCucumberTest.runScenario("scenario with fails on failing step implementation", "tests related to @Fails tag") ±‘≈ä≤3*TestNG-PoolService-42Ì
java.lang.AssertionError3This step is supposed to fail with an expected fail'org.testng.Assert.fail(Assert.java:111)keu.tsystems.mms.tic.testerra.test.cucumber.steps.StepDefinitions.itFailsExpectedly(StepDefinitions.java:44)Ö‚úΩ.it fails expectedly(file:///C:/dev/github_testerra-cucumber-connector/src/test/resources/features/ExpectedFailedTests.feature:18)B137
Ö
138˝Qeu.tsystems.mms.tic.testframework.execution.testng.worker.start.MethodStartWorkerÉRun Test RunTesterraCucumberTest.runScenario("failing scenario with fails tag and no fails on step", "tests related to @Fails tag") á”≈ä≤3*TestNG-PoolService-2B138
|
139u=eu.tsystems.mms.tic.testframework.report.model.steps.TestStepBegin "it fails" Ü‘≈ä≤3*TestNG-PoolService-2B139
´
141£3eu.tsystems.mms.tic.testframework.utils.UITestUtilsHCould not create screenshots: No sessions found in current test context. ó‘≈ä≤3*TestNG-PoolService-2B141
 
142¬Peu.tsystems.mms.tic.testframework.execution.testng.worker.finish.MethodEndWorkerÜFailed Test RunTesterraCucumberTest.runScenario("failing scenario with fails tag and no fails on step", "tests related to @Fails tag") ≥‘≈ä≤3*TestNG-PoolService-22¿
java.lang.AssertionErrorThis step is supposed to fail'org.testng.Assert.fail(Assert.java:111)aeu.tsystems.mms.tic.testerra.test.cucumber.steps.StepDefinitions.itFails(StepDefinitions.java:33)y‚úΩ.it fails(file:///C:/dev/github_testerra-cucumber-connector/src/test/resources/features/ExpectedFailedTests.feature:9)B142

29ÈQeu.tsystems.mms.tic.testframework.execution.testng.worker.start.MethodStartWorkerqRun Test RunTesterraCucumberTest.runScenario("successful expected failing search", "tests related to @Fails tag") Ñ”≈ä≤3*TestNG-PoolService-5B29
á
30Ä=eu.tsystems.mms.tic.testframework.report.model.steps.TestStepBegin "the user does a step" Ö‘≈ä≤3*TestNG-PoolService-5B30
ê
31â=eu.tsystems.mms.tic.testframework.report.model.steps.TestStep%Begin "it doesn't fails unexpectedly" à‘≈ä≤3*TestNG-PoolService-5B31
Ú
32ÎPeu.tsystems.mms.tic.testframework.execution.testng.worker.finish.MethodEndWorkertPassed Test RunTesterraCucumberTest.runScenario("successful expected failing search", "tests related to @Fails tag") ≥‘≈ä≤3*TestNG-PoolService-5B32
‰
34›Qeu.tsystems.mms.tic.testframework.execution.testng.worker.start.MethodStartWorkereRun Test RunTesterraCucumberTest.runScenario("basic failing scenario", "tests related to @Fails tag") Å”≈ä≤3*TestNG-PoolService-1B34
á
35Ä=eu.tsystems.mms.tic.testframework.report.model.steps.TestStepBegin "the user does a step" Ö‘≈ä≤3*TestNG-PoolService-1B35
z
36t=eu.tsystems.mms.tic.testframework.report.model.steps.TestStepBegin "it fails" à‘≈ä≤3*TestNG-PoolService-1B36
©
38¢3eu.tsystems.mms.tic.testframework.utils.UITestUtilsHCould not create screenshots: No sessions found in current test context. ñ‘≈ä≤3*TestNG-PoolService-1B38
©
39¢Peu.tsystems.mms.tic.testframework.execution.testng.worker.finish.MethodEndWorkerhFailed Test RunTesterraCucumberTest.runScenario("basic failing scenario", "tests related to @Fails tag") ó‘≈ä≤3*TestNG-PoolService-12¿
java.lang.AssertionErrorThis step is supposed to fail'org.testng.Assert.fail(Assert.java:111)aeu.tsystems.mms.tic.testerra.test.cucumber.steps.StepDefinitions.itFails(StepDefinitions.java:33)y‚úΩ.it fails(file:///C:/dev/github_testerra-cucumber-connector/src/test/resources/features/ExpectedFailedTests.feature:5)B39
“
92ÀQeu.tsystems.mms.tic.testframework.execution.testng.worker.start.MethodStartWorkerSRun Test RunTesterraCucumberTest.runScenario("search many things", "google search") ˇ“≈ä≤3*TestNG-PoolService-9B92
ê
93â=eu.tsystems.mms.tic.testframework.report.model.steps.TestStep%Begin "the user searches for "heise"" É‘≈ä≤3*TestNG-PoolService-9B93
«
94¿Keu.tsystems.mms.tic.testframework.webdrivermanager.WebDriverSessionsManagerÕNew DesktopWebDriverRequest (sessionKey=default, server=local) with capabilities:
{
  "goog:chromeOptions": {
    "args": [
      "--no-sandbox"
    ],
    "extensions": []
  },
  "browserName": "chrome"
} ‚‘≈ä≤3*TestNG-PoolService-9B94
ê
95âJeu.tsystems.mms.tic.testframework.webdrivermanager.DesktopWebDriverFactoryLocal WebDriver is used. ‘≈ä≤3*TestNG-PoolService-9B95
’
96ŒKeu.tsystems.mms.tic.testframework.webdrivermanager.WebDriverSessionsManager\Started ChromeDriver (sessionKey=default, node=(unknown), userAgent=Chrome:141) in 00:03.107 ñ≈ä≤3*TestNG-PoolService-9B96
÷
97œMeu.tsystems.mms.tic.testframework.webdrivermanager.EventLoggingDriverListener[Open http://google.de on ChromeDriver: chrome on windows (2c943745f35c5cffb9d15d49605c2cf9) ôˆ≈ä≤3*TestNG-PoolService-9B97
á
98ÄMeu.tsystems.mms.tic.testframework.pageobjects.internal.facade.UiElementLoggerãclick() on GoogleSearchPage -> UiElement(By.xpath: //button/div[contains(text(), 'Ich stimme zu') or contains(text(), 'Alle akzeptieren')]) ıÄ∆ä≤3*TestNG-PoolService-9B98
≠
99¶Meu.tsystems.mms.tic.testframework.pageobjects.internal.facade.UiElementLogger2sendKeys(heise) on GoogleSearchPage -> inputSearch ˙Å∆ä≤3*TestNG-PoolService-9B99
¬
100∫=eu.tsystems.mms.tic.testframework.report.model.steps.TestStepUBegin "an entry for "heise online - IT-News, Nachrichten und Hintergr√ºnde" is shown" €¿∆ä≤3*TestNG-PoolService-9B100
≤
104™Meu.tsystems.mms.tic.testframework.webdrivermanager.EventLoggingDriverListener5Switched to window "Google" (https://www.google.com/) µ∆∆ä≤3*TestNG-PoolService-9B104
™
107¢Keu.tsystems.mms.tic.testframework.webdrivermanager.WebDriverSessionsManager/Shutting down ChromeDriver (sessionKey=default) ÓÕ∆ä≤3*TestNG-PoolService-9B107
˛H
108ˆHPeu.tsystems.mms.tic.testframework.execution.testng.worker.finish.MethodEndWorkerVFailed Test RunTesterraCucumberTest.runScenario("search many things", "google search") ñ–∆ä≤3*TestNG-PoolService-92§
=eu.tsystems.mms.tic.testframework.exceptions.TimeoutExceptionSequence timed out after 8séeu.tsystems.mms.tic.testframework.pageobjects.internal.core.GuiElementCoreSequenceDecorator.sequenced(GuiElementCoreSequenceDecorator.java:83)éeu.tsystems.mms.tic.testframework.pageobjects.internal.core.GuiElementCoreSequenceDecorator.sendKeys(GuiElementCoreSequenceDecorator.java:161)úeu.tsystems.mms.tic.testframework.pageobjects.internal.core.AbstractGuiElementCoreActionsDecorator.sendKeys(AbstractGuiElementCoreActionsDecorator.java:111)Veu.tsystems.mms.tic.testframework.pageobjects.GuiElement.sendKeys(GuiElement.java:331)Ueu.tsystems.mms.tic.testframework.pageobjects.GuiElement.sendKeys(GuiElement.java:71)feu.tsystems.mms.tic.testerra.test.cucumber.pages.GoogleSearchPage.searchTerm(GoogleSearchPage.java:25)deu.tsystems.mms.tic.testerra.test.cucumber.steps.StepDefinitions.iSearchFor(StepDefinitions.java:21)á‚úΩ.the user searches for "heise"(file:///C:/dev/github_testerra-cucumber-connector/src/test/resources/features/GoogleSearch.feature:8)2õ 
Eeu.tsystems.mms.tic.testframework.exceptions.ElementNotFoundExceptionMGoogleSearchPage -> inputSearch(By.xpath: //input[@title='Suche']): not foundàeu.tsystems.mms.tic.testframework.pageobjects.internal.core.AbstractWebDriverCore.throwNotFoundException(AbstractWebDriverCore.java:126)âeu.tsystems.mms.tic.testframework.pageobjects.internal.core.AbstractWebDriverCore.lambda$findWebElement$2(AbstractWebDriverCore.java:267)Åeu.tsystems.mms.tic.testframework.pageobjects.internal.core.AbstractWebDriverCore.findWebElements(AbstractWebDriverCore.java:201)Äeu.tsystems.mms.tic.testframework.pageobjects.internal.core.AbstractWebDriverCore.findWebElement(AbstractWebDriverCore.java:231)zeu.tsystems.mms.tic.testframework.pageobjects.internal.core.AbstractWebDriverCore.sendKeys(AbstractWebDriverCore.java:405)òeu.tsystems.mms.tic.testframework.pageobjects.internal.core.GuiElementCoreSequenceDecorator.lambda$sendKeys$10(GuiElementCoreSequenceDecorator.java:162)óeu.tsystems.mms.tic.testframework.pageobjects.internal.core.GuiElementCoreSequenceDecorator.lambda$sequenced$0(GuiElementCoreSequenceDecorator.java:74)Feu.tsystems.mms.tic.testframework.utils.Sequence.run(Sequence.java:61)éeu.tsystems.mms.tic.testframework.pageobjects.internal.core.GuiElementCoreSequenceDecorator.sequenced(GuiElementCoreSequenceDecorator.java:72)éeu.tsystems.mms.tic.testframework.pageobjects.internal.core.GuiElementCoreSequenceDecorator.sendKeys(GuiElementCoreSequenceDecorator.java:161)úeu.tsystems.mms.tic.testframework.pageobjects.internal.core.AbstractGuiElementCoreActionsDecorator.sendKeys(AbstractGuiElementCoreActionsDecorator.java:111)Veu.tsystems.mms.tic.testframework.pageobjects.GuiElement.sendKeys(GuiElement.java:331)Ueu.tsystems.mms.tic.testframework.pageobjects.GuiElement.sendKeys(GuiElement.java:71)feu.tsystems.mms.tic.testerra.test.cucumber.pages.GoogleSearchPage.searchTerm(GoogleSearchPage.java:25)deu.tsystems.mms.tic.testerra.test.cucumber.steps.StepDefinitions.iSearchFor(StepDefinitions.java:21)ejava.base/jdk.internal.reflect.DirectMethodHandleAccessor.invoke(DirectMethodHandleAccessor.java:103):java.base/java.lang.reflect.Method.invoke(Method.java:580)0io.cucumber.java.Invoker.invoke(Invoker.java:27)Gio.cucumber.java.JavaStepDefinition.execute(JavaStepDefinition.java:27)\io.cucumber.core.runner.PickleStepDefinitionMatch.runStep(PickleStepDefinitionMatch.java:63)>io.cucumber.core.runner.TestStep.executeStep(TestStep.java:64)6io.cucumber.core.runner.TestStep.run(TestStep.java:49)Jio.cucumber.core.runner.PickleStepTestStep.run(PickleStepTestStep.java:46)6io.cucumber.core.runner.TestCase.run(TestCase.java:51)8io.cucumber.core.runner.Runner.runPickle(Runner.java:67)Rio.cucumber.testng.TestNGCucumberRunner.runScenario(TestNGCucumberRunner.java:124)_io.cucumber.testng.AbstractTestNGCucumberTests.runScenario(AbstractTestNGCucumberTests.java:29)ejava.base/jdk.internal.reflect.DirectMethodHandleAccessor.invoke(DirectMethodHandleAccessor.java:103):java.base/java.lang.reflect.Method.invoke(Method.java:580)aorg.testng.internal.invokers.MethodInvocationHelper.invokeMethod(MethodInvocationHelper.java:141)dorg.testng.internal.invokers.MethodInvocationHelper$1.runTestMethod(MethodInvocationHelper.java:260)]eu.tsystems.mms.tic.testframework.report.hooks.TestMethodHook.runHook(TestMethodHook.java:55)Xeu.tsystems.mms.tic.testframework.report.TesterraListener.run(TesterraListener.java:381)corg.testng.internal.invokers.MethodInvocationHelper.invokeHookable(MethodInvocationHelper.java:274)Korg.testng.internal.invokers.TestInvoker.invokeMethod(TestInvoker.java:678)Oorg.testng.internal.invokers.TestInvoker.invokeTestMethod(TestInvoker.java:230)xorg.testng.internal.invokers.TestMethodWithDataProviderMethodWorker.call(TestMethodWithDataProviderMethodWorker.java:81)=org.testng.internal.thread.Async$AsyncTask.run(Async.java:34)Yjava.base/java.util.concurrent.ThreadPoolExecutor.runWorker(ThreadPoolExecutor.java:1144)Yjava.base/java.util.concurrent.ThreadPoolExecutor$Worker.run(ThreadPoolExecutor.java:642)0java.base/java.lang.Thread.run(Thread.java:1583)2‡
java.lang.AssertionErrorJExpected that total elements [0] filtered [0] is greater or equal than [1]âeu.tsystems.mms.tic.testframework.pageobjects.internal.core.AbstractWebDriverCore.lambda$findWebElement$2(AbstractWebDriverCore.java:268)Åeu.tsystems.mms.tic.testframework.pageobjects.internal.core.AbstractWebDriverCore.findWebElements(AbstractWebDriverCore.java:201)Äeu.tsystems.mms.tic.testframework.pageobjects.internal.core.AbstractWebDriverCore.findWebElement(AbstractWebDriverCore.java:231)zeu.tsystems.mms.tic.testframework.pageobjects.internal.core.AbstractWebDriverCore.sendKeys(AbstractWebDriverCore.java:405)òeu.tsystems.mms.tic.testframework.pageobjects.internal.core.GuiElementCoreSequenceDecorator.lambda$sendKeys$10(GuiElementCoreSequenceDecorator.java:162)óeu.tsystems.mms.tic.testframework.pageobjects.internal.core.GuiElementCoreSequenceDecorator.lambda$sequenced$0(GuiElementCoreSequenceDecorator.java:74)Feu.tsystems.mms.tic.testframework.utils.Sequence.run(Sequence.java:61)éeu.tsystems.mms.tic.testframework.pageobjects.internal.core.GuiElementCoreSequenceDecorator.sequenced(GuiElementCoreSequenceDecorator.java:72)éeu.tsystems.mms.tic.testframework.pageobjects.internal.core.GuiElementCoreSequenceDecorator.sendKeys(GuiElementCoreSequenceDecorator.java:161)úeu.tsystems.mms.tic.testframework.pageobjects.internal.core.AbstractGuiElementCoreActionsDecorator.sendKeys(AbstractGuiElementCoreActionsDecorator.java:111)Veu.tsystems.mms.tic.testframework.pageobjects.GuiElement.sendKeys(GuiElement.java:331)Ueu.tsystems.mms.tic.testframework.pageobjects.GuiElement.sendKeys(GuiElement.java:71)feu.tsystems.mms.tic.testerra.test.cucumber.pages.GoogleSearchPage.searchTerm(GoogleSearchPage.java:25)deu.tsystems.mms.tic.testerra.test.cucumber.steps.StepDefinitions.iSearchFor(StepDefinitions.java:21)ejava.base/jdk.internal.reflect.DirectMethodHandleAccessor.invoke(DirectMethodHandleAccessor.java:103):java.base/java.lang.reflect.Method.invoke(Method.java:580)0io.cucumber.java.Invoker.invoke(Invoker.java:27)Gio.cucumber.java.JavaStepDefinition.execute(JavaStepDefinition.java:27)\io.cucumber.core.runner.PickleStepDefinitionMatch.runStep(PickleStepDefinitionMatch.java:63)>io.cucumber.core.runner.TestStep.executeStep(TestStep.java:64)6io.cucumber.core.runner.TestStep.run(TestStep.java:49)Jio.cucumber.core.runner.PickleStepTestStep.run(PickleStepTestStep.java:46)6io.cucumber.core.runner.TestCase.run(TestCase.java:51)8io.cucumber.core.runner.Runner.runPickle(Runner.java:67)Rio.cucumber.testng.TestNGCucumberRunner.runScenario(TestNGCucumberRunner.java:124)_io.cucumber.testng.AbstractTestNGCucumberTests.runScenario(AbstractTestNGCucumberTests.java:29)ejava.base/jdk.internal.reflect.DirectMethodHandleAccessor.invoke(DirectMethodHandleAccessor.java:103):java.base/java.lang.reflect.Method.invoke(Method.java:580)aorg.testng.internal.invokers.MethodInvocationHelper.invokeMethod(MethodInvocationHelper.java:141)dorg.testng.internal.invokers.MethodInvocationHelper$1.runTestMethod(MethodInvocationHelper.java:260)]eu.tsystems.mms.tic.testframework.report.hooks.TestMethodHook.runHook(TestMethodHook.java:55)Xeu.tsystems.mms.tic.testframework.report.TesterraListener.run(TesterraListener.java:381)corg.testng.internal.invokers.MethodInvocationHelper.invokeHookable(MethodInvocationHelper.java:274)Korg.testng.internal.invokers.TestInvoker.invokeMethod(TestInvoker.java:678)Oorg.testng.internal.invokers.TestInvoker.invokeTestMethod(TestInvoker.java:230)xorg.testng.internal.invokers.TestMethodWithDataProviderMethodWorker.call(TestMethodWithDataProviderMethodWorker.java:81)=org.testng.internal.thread.Async$AsyncTask.run(Async.java:34)Yjava.base/java.util.concurrent.ThreadPoolExecutor.runWorker(ThreadPoolExecutor.java:1144)Yjava.base/java.util.concurrent.ThreadPoolExecutor$Worker.run(ThreadPoolExecutor.java:642)0java.base/java.lang.Thread.run(Thread.java:1583)B108
“
40ÀQeu.tsystems.mms.tic.testframework.execution.testng.worker.start.MethodStartWorkerSRun Test RunTesterraCucumberTest.runScenario("search many things", "google search") Ü”≈ä≤3*TestNG-PoolService-7B40
î
41ç=eu.tsystems.mms.tic.testframework.report.model.steps.TestStep)Begin "the user searches for "Wikipedia"" É‘≈ä≤3*TestNG-PoolService-7B41
«
42¿Keu.tsystems.mms.tic.testframework.webdrivermanager.WebDriverSessionsManagerÕNew DesktopWebDriverRequest (sessionKey=default, server=local) with capabilities:
{
  "goog:chromeOptions": {
    "args": [
      "--no-sandbox"
    ],
    "extensions": []
  },
  "browserName": "chrome"
} ‚‘≈ä≤3*TestNG-PoolService-7B42
ê
43âJeu.tsystems.mms.tic.testframework.webdrivermanager.DesktopWebDriverFactoryLocal WebDriver is used. Ú‘≈ä≤3*TestNG-PoolService-7B43
’
44ŒKeu.tsystems.mms.tic.testframework.webdrivermanager.WebDriverSessionsManager\Started ChromeDriver (sessionKey=default, node=(unknown), userAgent=Chrome:141) in 00:03.070 ï≈ä≤3*TestNG-PoolService-7B44
÷
45œMeu.tsystems.mms.tic.testframework.webdrivermanager.EventLoggingDriverListener[Open http://google.de on ChromeDriver: chrome on windows (610b45bba72c267cac70b700ce7012c1) ôˆ≈ä≤3*TestNG-PoolService-7B45
á
46ÄMeu.tsystems.mms.tic.testframework.pageobjects.internal.facade.UiElementLoggerãclick() on GoogleSearchPage -> UiElement(By.xpath: //button/div[contains(text(), 'Ich stimme zu') or contains(text(), 'Alle akzeptieren')]) ¯Ä∆ä≤3*TestNG-PoolService-7B46
±
47™Meu.tsystems.mms.tic.testframework.pageobjects.internal.facade.UiElementLogger6sendKeys(Wikipedia) on GoogleSearchPage -> inputSearch ˙Å∆ä≤3*TestNG-PoolService-7B47
≠
48¶=eu.tsystems.mms.tic.testframework.report.model.steps.TestStepBBegin "an entry for "Wikipedia, die freie Enzyklop√§die" is shown" ø¿∆ä≤3*TestNG-PoolService-7B48
∞
52©Meu.tsystems.mms.tic.testframework.webdrivermanager.EventLoggingDriverListener5Switched to window "Google" (https://www.google.com/) œ¬∆ä≤3*TestNG-PoolService-7B52
®
55°Keu.tsystems.mms.tic.testframework.webdrivermanager.WebDriverSessionsManager/Shutting down ChromeDriver (sessionKey=default) ˙√∆ä≤3*TestNG-PoolService-7B55
ÄI
56˘HPeu.tsystems.mms.tic.testframework.execution.testng.worker.finish.MethodEndWorkerVFailed Test RunTesterraCucumberTest.runScenario("search many things", "google search") ˜≈∆ä≤3*TestNG-PoolService-72®
=eu.tsystems.mms.tic.testframework.exceptions.TimeoutExceptionSequence timed out after 8séeu.tsystems.mms.tic.testframework.pageobjects.internal.core.GuiElementCoreSequenceDecorator.sequenced(GuiElementCoreSequenceDecorator.java:83)éeu.tsystems.mms.tic.testframework.pageobjects.internal.core.GuiElementCoreSequenceDecorator.sendKeys(GuiElementCoreSequenceDecorator.java:161)úeu.tsystems.mms.tic.testframework.pageobjects.internal.core.AbstractGuiElementCoreActionsDecorator.sendKeys(AbstractGuiElementCoreActionsDecorator.java:111)Veu.tsystems.mms.tic.testframework.pageobjects.GuiElement.sendKeys(GuiElement.java:331)Ueu.tsystems.mms.tic.testframework.pageobjects.GuiElement.sendKeys(GuiElement.java:71)feu.tsystems.mms.tic.testerra.test.cucumber.pages.GoogleSearchPage.searchTerm(GoogleSearchPage.java:25)deu.tsystems.mms.tic.testerra.test.cucumber.steps.StepDefinitions.iSearchFor(StepDefinitions.java:21)ã‚úΩ.the user searches for "Wikipedia"(file:///C:/dev/github_testerra-cucumber-connector/src/test/resources/features/GoogleSearch.feature:8)2õ 
Eeu.tsystems.mms.tic.testframework.exceptions.ElementNotFoundExceptionMGoogleSearchPage -> inputSearch(By.xpath: //input[@title='Suche']): not foundàeu.tsystems.mms.tic.testframework.pageobjects.internal.core.AbstractWebDriverCore.throwNotFoundException(AbstractWebDriverCore.java:126)âeu.tsystems.mms.tic.testframework.pageobjects.internal.core.AbstractWebDriverCore.lambda$findWebElement$2(AbstractWebDriverCore.java:267)Åeu.tsystems.mms.tic.testframework.pageobjects.internal.core.AbstractWebDriverCore.findWebElements(AbstractWebDriverCore.java:201)Äeu.tsystems.mms.tic.testframework.pageobjects.internal.core.AbstractWebDriverCore.findWebElement(AbstractWebDriverCore.java:231)zeu.tsystems.mms.tic.testframework.pageobjects.internal.core.AbstractWebDriverCore.sendKeys(AbstractWebDriverCore.java:405)òeu.tsystems.mms.tic.testframework.pageobjects.internal.core.GuiElementCoreSequenceDecorator.lambda$sendKeys$10(GuiElementCoreSequenceDecorator.java:162)óeu.tsystems.mms.tic.testframework.pageobjects.internal.core.GuiElementCoreSequenceDecorator.lambda$sequenced$0(GuiElementCoreSequenceDecorator.java:74)Feu.tsystems.mms.tic.testframework.utils.Sequence.run(Sequence.java:61)éeu.tsystems.mms.tic.testframework.pageobjects.internal.core.GuiElementCoreSequenceDecorator.sequenced(GuiElementCoreSequenceDecorator.java:72)éeu.tsystems.mms.tic.testframework.pageobjects.internal.core.GuiElementCoreSequenceDecorator.sendKeys(GuiElementCoreSequenceDecorator.java:161)úeu.tsystems.mms.tic.testframework.pageobjects.internal.core.AbstractGuiElementCoreActionsDecorator.sendKeys(AbstractGuiElementCoreActionsDecorator.java:111)Veu.tsystems.mms.tic.testframework.pageobjects.GuiElement.sendKeys(GuiElement.java:331)Ueu.tsystems.mms.tic.testframework.pageobjects.GuiElement.sendKeys(GuiElement.java:71)feu.tsystems.mms.tic.testerra.test.cucumber.pages.GoogleSearchPage.searchTerm(GoogleSearchPage.java:25)deu.tsystems.mms.tic.testerra.test.cucumber.steps.StepDefinitions.iSearchFor(StepDefinitions.java:21)ejava.base/jdk.internal.reflect.DirectMethodHandleAccessor.invoke(DirectMethodHandleAccessor.java:103):java.base/java.lang.reflect.Method.invoke(Method.java:580)0io.cucumber.java.Invoker.invoke(Invoker.java:27)Gio.cucumber.java.JavaStepDefinition.execute(JavaStepDefinition.java:27)\io.cucumber.core.runner.PickleStepDefinitionMatch.runStep(PickleStepDefinitionMatch.java:63)>io.cucumber.core.runner.TestStep.executeStep(TestStep.java:64)6io.cucumber.core.runner.TestStep.run(TestStep.java:49)Jio.cucumber.core.runner.PickleStepTestStep.run(PickleStepTestStep.java:46)6io.cucumber.core.runner.TestCase.run(TestCase.java:51)8io.cucumber.core.runner.Runner.runPickle(Runner.java:67)Rio.cucumber.testng.TestNGCucumberRunner.runScenario(TestNGCucumberRunner.java:124)_io.cucumber.testng.AbstractTestNGCucumberTests.runScenario(AbstractTestNGCucumberTests.java:29)ejava.base/jdk.internal.reflect.DirectMethodHandleAccessor.invoke(DirectMethodHandleAccessor.java:103):java.base/java.lang.reflect.Method.invoke(Method.java:580)aorg.testng.internal.invokers.MethodInvocationHelper.invokeMethod(MethodInvocationHelper.java:141)dorg.testng.internal.invokers.MethodInvocationHelper$1.runTestMethod(MethodInvocationHelper.java:260)]eu.tsystems.mms.tic.testframework.report.hooks.TestMethodHook.runHook(TestMethodHook.java:55)Xeu.tsystems.mms.tic.testframework.report.TesterraListener.run(TesterraListener.java:381)corg.testng.internal.invokers.MethodInvocationHelper.invokeHookable(MethodInvocationHelper.java:274)Korg.testng.internal.invokers.TestInvoker.invokeMethod(TestInvoker.java:678)Oorg.testng.internal.invokers.TestInvoker.invokeTestMethod(TestInvoker.java:230)xorg.testng.internal.invokers.TestMethodWithDataProviderMethodWorker.call(TestMethodWithDataProviderMethodWorker.java:81)=org.testng.internal.thread.Async$AsyncTask.run(Async.java:34)Yjava.base/java.util.concurrent.ThreadPoolExecutor.runWorker(ThreadPoolExecutor.java:1144)Yjava.base/java.util.concurrent.ThreadPoolExecutor$Worker.run(ThreadPoolExecutor.java:642)0java.base/java.lang.Thread.run(Thread.java:1583)2‡
java.lang.AssertionErrorJExpected that total elements [0] filtered [0] is greater or equal than [1]âeu.tsystems.mms.tic.testframework.pageobjects.internal.core.AbstractWebDriverCore.lambda$findWebElement$2(AbstractWebDriverCore.java:268)Åeu.tsystems.mms.tic.testframework.pageobjects.internal.core.AbstractWebDriverCore.findWebElements(AbstractWebDriverCore.java:201)Äeu.tsystems.mms.tic.testframework.pageobjects.internal.core.AbstractWebDriverCore.findWebElement(AbstractWebDriverCore.java:231)zeu.tsystems.mms.tic.testframework.pageobjects.internal.core.AbstractWebDriverCore.sendKeys(AbstractWebDriverCore.java:405)òeu.tsystems.mms.tic.testframework.pageobjects.internal.core.GuiElementCoreSequenceDecorator.lambda$sendKeys$10(GuiElementCoreSequenceDecorator.java:162)óeu.tsystems.mms.tic.testframework.pageobjects.internal.core.GuiElementCoreSequenceDecorator.lambda$sequenced$0(GuiElementCoreSequenceDecorator.java:74)Feu.tsystems.mms.tic.testframework.utils.Sequence.run(Sequence.java:61)éeu.tsystems.mms.tic.testframework.pageobjects.internal.core.GuiElementCoreSequenceDecorator.sequenced(GuiElementCoreSequenceDecorator.java:72)éeu.tsystems.mms.tic.testframework.pageobjects.internal.core.GuiElementCoreSequenceDecorator.sendKeys(GuiElementCoreSequenceDecorator.java:161)úeu.tsystems.mms.tic.testframework.pageobjects.internal.core.AbstractGuiElementCoreActionsDecorator.sendKeys(AbstractGuiElementCoreActionsDecorator.java:111)Veu.tsystems.mms.tic.testframework.pageobjects.GuiElement.sendKeys(GuiElement.java:331)Ueu.tsystems.mms.tic.testframework.pageobjects.GuiElement.sendKeys(GuiElement.java:71)feu.tsystems.mms.tic.testerra.test.cucumber.pages.GoogleSearchPage.searchTerm(GoogleSearchPage.java:25)deu.tsystems.mms.tic.testerra.test.cucumber.steps.StepDefinitions.iSearchFor(StepDefinitions.java:21)ejava.base/jdk.internal.reflect.DirectMethodHandleAccessor.invoke(DirectMethodHandleAccessor.java:103):java.base/java.lang.reflect.Method.invoke(Method.java:580)0io.cucumber.java.Invoker.invoke(Invoker.java:27)Gio.cucumber.java.JavaStepDefinition.execute(JavaStepDefinition.java:27)\io.cucumber.core.runner.PickleStepDefinitionMatch.runStep(PickleStepDefinitionMatch.java:63)>io.cucumber.core.runner.TestStep.executeStep(TestStep.java:64)6io.cucumber.core.runner.TestStep.run(TestStep.java:49)Jio.cucumber.core.runner.PickleStepTestStep.run(PickleStepTestStep.java:46)6io.cucumber.core.runner.TestCase.run(TestCase.java:51)8io.cucumber.core.runner.Runner.runPickle(Runner.java:67)Rio.cucumber.testng.TestNGCucumberRunner.runScenario(TestNGCucumberRunner.java:124)_io.cucumber.testng.AbstractTestNGCucumberTests.runScenario(AbstractTestNGCucumberTests.java:29)ejava.base/jdk.internal.reflect.DirectMethodHandleAccessor.invoke(DirectMethodHandleAccessor.java:103):java.base/java.lang.reflect.Method.invoke(Method.java:580)aorg.testng.internal.invokers.MethodInvocationHelper.invokeMethod(MethodInvocationHelper.java:141)dorg.testng.internal.invokers.MethodInvocationHelper$1.runTestMethod(MethodInvocationHelper.java:260)]eu.tsystems.mms.tic.testframework.report.hooks.TestMethodHook.runHook(TestMethodHook.java:55)Xeu.tsystems.mms.tic.testframework.report.TesterraListener.run(TesterraListener.java:381)corg.testng.internal.invokers.MethodInvocationHelper.invokeHookable(MethodInvocationHelper.java:274)Korg.testng.internal.invokers.TestInvoker.invokeMethod(TestInvoker.java:678)Oorg.testng.internal.invokers.TestInvoker.invokeTestMethod(TestInvoker.java:230)xorg.testng.internal.invokers.TestMethodWithDataProviderMethodWorker.call(TestMethodWithDataProviderMethodWorker.java:81)=org.testng.internal.thread.Async$AsyncTask.run(Async.java:34)Yjava.base/java.util.concurrent.ThreadPoolExecutor.runWorker(ThreadPoolExecutor.java:1144)Yjava.base/java.util.concurrent.ThreadPoolExecutor$Worker.run(ThreadPoolExecutor.java:642)0java.base/java.lang.Thread.run(Thread.java:1583)B56
‹
109‘Qeu.tsystems.mms.tic.testframework.execution.testng.worker.start.MethodStartWorker[Run Test RunTesterraCucumberTest.runScenario("search something on google", "google search") É”≈ä≤3*TestNG-PoolService-6B109
ö
110í=eu.tsystems.mms.tic.testframework.report.model.steps.TestStep-Begin "the user searches for "T-Systems MMS"" Ü‘≈ä≤3*TestNG-PoolService-6B110
…
111¡Keu.tsystems.mms.tic.testframework.webdrivermanager.WebDriverSessionsManagerÕNew DesktopWebDriverRequest (sessionKey=default, server=local) with capabilities:
{
  "goog:chromeOptions": {
    "args": [
      "--no-sandbox"
    ],
    "extensions": []
  },
  "browserName": "chrome"
} ‚‘≈ä≤3*TestNG-PoolService-6B111
í
112äJeu.tsystems.mms.tic.testframework.webdrivermanager.DesktopWebDriverFactoryLocal WebDriver is used. Ú‘≈ä≤3*TestNG-PoolService-6B112
◊
113œKeu.tsystems.mms.tic.testframework.webdrivermanager.WebDriverSessionsManager\Started ChromeDriver (sessionKey=default, node=(unknown), userAgent=Chrome:141) in 00:03.804 ÑÛ≈ä≤3*TestNG-PoolService-6B113
ÿ
114–Meu.tsystems.mms.tic.testframework.webdrivermanager.EventLoggingDriverListener[Open http://google.de on ChromeDriver: chrome on windows (c5858064e76ab957e93fcdf0d20b9e93) ôˆ≈ä≤3*TestNG-PoolService-6B114
â
115ÅMeu.tsystems.mms.tic.testframework.pageobjects.internal.facade.UiElementLoggerãclick() on GoogleSearchPage -> UiElement(By.xpath: //button/div[contains(text(), 'Ich stimme zu') or contains(text(), 'Alle akzeptieren')]) ıÄ∆ä≤3*TestNG-PoolService-6B115
∑
116ØMeu.tsystems.mms.tic.testframework.pageobjects.internal.facade.UiElementLogger:sendKeys(T-Systems MMS) on GoogleSearchPage -> inputSearch ˙Å∆ä≤3*TestNG-PoolService-6B116
´
117£=eu.tsystems.mms.tic.testframework.report.model.steps.TestStep>Begin "an entry for "T-Systems Multimedia Solutions" is shown" Œ¿∆ä≤3*TestNG-PoolService-6B117
≤
121™Meu.tsystems.mms.tic.testframework.webdrivermanager.EventLoggingDriverListener5Switched to window "Google" (https://www.google.com/) ∫ ∆ä≤3*TestNG-PoolService-6B121
™
124¢Keu.tsystems.mms.tic.testframework.webdrivermanager.WebDriverSessionsManager/Shutting down ChromeDriver (sessionKey=default) ñ–∆ä≤3*TestNG-PoolService-6B124
éI
125ÜIPeu.tsystems.mms.tic.testframework.execution.testng.worker.finish.MethodEndWorker^Failed Test RunTesterraCucumberTest.runScenario("search something on google", "google search") ƒﬁ∆ä≤3*TestNG-PoolService-62¨
=eu.tsystems.mms.tic.testframework.exceptions.TimeoutExceptionSequence timed out after 8séeu.tsystems.mms.tic.testframework.pageobjects.internal.core.GuiElementCoreSequenceDecorator.sequenced(GuiElementCoreSequenceDecorator.java:83)éeu.tsystems.mms.tic.testframework.pageobjects.internal.core.GuiElementCoreSequenceDecorator.sendKeys(GuiElementCoreSequenceDecorator.java:161)úeu.tsystems.mms.tic.testframework.pageobjects.internal.core.AbstractGuiElementCoreActionsDecorator.sendKeys(AbstractGuiElementCoreActionsDecorator.java:111)Veu.tsystems.mms.tic.testframework.pageobjects.GuiElement.sendKeys(GuiElement.java:331)Ueu.tsystems.mms.tic.testframework.pageobjects.GuiElement.sendKeys(GuiElement.java:71)feu.tsystems.mms.tic.testerra.test.cucumber.pages.GoogleSearchPage.searchTerm(GoogleSearchPage.java:25)deu.tsystems.mms.tic.testerra.test.cucumber.steps.StepDefinitions.iSearchFor(StepDefinitions.java:21)è‚úΩ.the user searches for "T-Systems MMS"(file:///C:/dev/github_testerra-cucumber-connector/src/test/resources/features/GoogleSearch.feature:4)2õ 
Eeu.tsystems.mms.tic.testframework.exceptions.ElementNotFoundExceptionMGoogleSearchPage -> inputSearch(By.xpath: //input[@title='Suche']): not foundàeu.tsystems.mms.tic.testframework.pageobjects.internal.core.AbstractWebDriverCore.throwNotFoundException(AbstractWebDriverCore.java:126)âeu.tsystems.mms.tic.testframework.pageobjects.internal.core.AbstractWebDriverCore.lambda$findWebElement$2(AbstractWebDriverCore.java:267)Åeu.tsystems.mms.tic.testframework.pageobjects.internal.core.AbstractWebDriverCore.findWebElements(AbstractWebDriverCore.java:201)Äeu.tsystems.mms.tic.testframework.pageobjects.internal.core.AbstractWebDriverCore.findWebElement(AbstractWebDriverCore.java:231)zeu.tsystems.mms.tic.testframework.pageobjects.internal.core.AbstractWebDriverCore.sendKeys(AbstractWebDriverCore.java:405)òeu.tsystems.mms.tic.testframework.pageobjects.internal.core.GuiElementCoreSequenceDecorator.lambda$sendKeys$10(GuiElementCoreSequenceDecorator.java:162)óeu.tsystems.mms.tic.testframework.pageobjects.internal.core.GuiElementCoreSequenceDecorator.lambda$sequenced$0(GuiElementCoreSequenceDecorator.java:74)Feu.tsystems.mms.tic.testframework.utils.Sequence.run(Sequence.java:61)éeu.tsystems.mms.tic.testframework.pageobjects.internal.core.GuiElementCoreSequenceDecorator.sequenced(GuiElementCoreSequenceDecorator.java:72)éeu.tsystems.mms.tic.testframework.pageobjects.internal.core.GuiElementCoreSequenceDecorator.sendKeys(GuiElementCoreSequenceDecorator.java:161)úeu.tsystems.mms.tic.testframework.pageobjects.internal.core.AbstractGuiElementCoreActionsDecorator.sendKeys(AbstractGuiElementCoreActionsDecorator.java:111)Veu.tsystems.mms.tic.testframework.pageobjects.GuiElement.sendKeys(GuiElement.java:331)Ueu.tsystems.mms.tic.testframework.pageobjects.GuiElement.sendKeys(GuiElement.java:71)feu.tsystems.mms.tic.testerra.test.cucumber.pages.GoogleSearchPage.searchTerm(GoogleSearchPage.java:25)deu.tsystems.mms.tic.testerra.test.cucumber.steps.StepDefinitions.iSearchFor(StepDefinitions.java:21)ejava.base/jdk.internal.reflect.DirectMethodHandleAccessor.invoke(DirectMethodHandleAccessor.java:103):java.base/java.lang.reflect.Method.invoke(Method.java:580)0io.cucumber.java.Invoker.invoke(Invoker.java:27)Gio.cucumber.java.JavaStepDefinition.execute(JavaStepDefinition.java:27)\io.cucumber.core.runner.PickleStepDefinitionMatch.runStep(PickleStepDefinitionMatch.java:63)>io.cucumber.core.runner.TestStep.executeStep(TestStep.java:64)6io.cucumber.core.runner.TestStep.run(TestStep.java:49)Jio.cucumber.core.runner.PickleStepTestStep.run(PickleStepTestStep.java:46)6io.cucumber.core.runner.TestCase.run(TestCase.java:51)8io.cucumber.core.runner.Runner.runPickle(Runner.java:67)Rio.cucumber.testng.TestNGCucumberRunner.runScenario(TestNGCucumberRunner.java:124)_io.cucumber.testng.AbstractTestNGCucumberTests.runScenario(AbstractTestNGCucumberTests.java:29)ejava.base/jdk.internal.reflect.DirectMethodHandleAccessor.invoke(DirectMethodHandleAccessor.java:103):java.base/java.lang.reflect.Method.invoke(Method.java:580)aorg.testng.internal.invokers.MethodInvocationHelper.invokeMethod(MethodInvocationHelper.java:141)dorg.testng.internal.invokers.MethodInvocationHelper$1.runTestMethod(MethodInvocationHelper.java:260)]eu.tsystems.mms.tic.testframework.report.hooks.TestMethodHook.runHook(TestMethodHook.java:55)Xeu.tsystems.mms.tic.testframework.report.TesterraListener.run(TesterraListener.java:381)corg.testng.internal.invokers.MethodInvocationHelper.invokeHookable(MethodInvocationHelper.java:274)Korg.testng.internal.invokers.TestInvoker.invokeMethod(TestInvoker.java:678)Oorg.testng.internal.invokers.TestInvoker.invokeTestMethod(TestInvoker.java:230)xorg.testng.internal.invokers.TestMethodWithDataProviderMethodWorker.call(TestMethodWithDataProviderMethodWorker.java:81)=org.testng.internal.thread.Async$AsyncTask.run(Async.java:34)Yjava.base/java.util.concurrent.ThreadPoolExecutor.runWorker(ThreadPoolExecutor.java:1144)Yjava.base/java.util.concurrent.ThreadPoolExecutor$Worker.run(ThreadPoolExecutor.java:642)0java.base/java.lang.Thread.run(Thread.java:1583)2‡
java.lang.AssertionErrorJExpected that total elements [0] filtered [0] is greater or equal than [1]âeu.tsystems.mms.tic.testframework.pageobjects.internal.core.AbstractWebDriverCore.lambda$findWebElement$2(AbstractWebDriverCore.java:268)Åeu.tsystems.mms.tic.testframework.pageobjects.internal.core.AbstractWebDriverCore.findWebElements(AbstractWebDriverCore.java:201)Äeu.tsystems.mms.tic.testframework.pageobjects.internal.core.AbstractWebDriverCore.findWebElement(AbstractWebDriverCore.java:231)zeu.tsystems.mms.tic.testframework.pageobjects.internal.core.AbstractWebDriverCore.sendKeys(AbstractWebDriverCore.java:405)òeu.tsystems.mms.tic.testframework.pageobjects.internal.core.GuiElementCoreSequenceDecorator.lambda$sendKeys$10(GuiElementCoreSequenceDecorator.java:162)óeu.tsystems.mms.tic.testframework.pageobjects.internal.core.GuiElementCoreSequenceDecorator.lambda$sequenced$0(GuiElementCoreSequenceDecorator.java:74)Feu.tsystems.mms.tic.testframework.utils.Sequence.run(Sequence.java:61)éeu.tsystems.mms.tic.testframework.pageobjects.internal.core.GuiElementCoreSequenceDecorator.sequenced(GuiElementCoreSequenceDecorator.java:72)éeu.tsystems.mms.tic.testframework.pageobjects.internal.core.GuiElementCoreSequenceDecorator.sendKeys(GuiElementCoreSequenceDecorator.java:161)úeu.tsystems.mms.tic.testframework.pageobjects.internal.core.AbstractGuiElementCoreActionsDecorator.sendKeys(AbstractGuiElementCoreActionsDecorator.java:111)Veu.tsystems.mms.tic.testframework.pageobjects.GuiElement.sendKeys(GuiElement.java:331)Ueu.tsystems.mms.tic.testframework.pageobjects.GuiElement.sendKeys(GuiElement.java:71)feu.tsystems.mms.tic.testerra.test.cucumber.pages.GoogleSearchPage.searchTerm(GoogleSearchPage.java:25)deu.tsystems.mms.tic.testerra.test.cucumber.steps.StepDefinitions.iSearchFor(StepDefinitions.java:21)ejava.base/jdk.internal.reflect.DirectMethodHandleAccessor.invoke(DirectMethodHandleAccessor.java:103):java.base/java.lang.reflect.Method.invoke(Method.java:580)0io.cucumber.java.Invoker.invoke(Invoker.java:27)Gio.cucumber.java.JavaStepDefinition.execute(JavaStepDefinition.java:27)\io.cucumber.core.runner.PickleStepDefinitionMatch.runStep(PickleStepDefinitionMatch.java:63)>io.cucumber.core.runner.TestStep.executeStep(TestStep.java:64)6io.cucumber.core.runner.TestStep.run(TestStep.java:49)Jio.cucumber.core.runner.PickleStepTestStep.run(PickleStepTestStep.java:46)6io.cucumber.core.runner.TestCase.run(TestCase.java:51)8io.cucumber.core.runner.Runner.runPickle(Runner.java:67)Rio.cucumber.testng.TestNGCucumberRunner.runScenario(TestNGCucumberRunner.java:124)_io.cucumber.testng.AbstractTestNGCucumberTests.runScenario(AbstractTestNGCucumberTests.java:29)ejava.base/jdk.internal.reflect.DirectMethodHandleAccessor.invoke(DirectMethodHandleAccessor.java:103):java.base/java.lang.reflect.Method.invoke(Method.java:580)aorg.testng.internal.invokers.MethodInvocationHelper.invokeMethod(MethodInvocationHelper.java:141)dorg.testng.internal.invokers.MethodInvocationHelper$1.runTestMethod(MethodInvocationHelper.java:260)]eu.tsystems.mms.tic.testframework.report.hooks.TestMethodHook.runHook(TestMethodHook.java:55)Xeu.tsystems.mms.tic.testframework.report.TesterraListener.run(TesterraListener.java:381)corg.testng.internal.invokers.MethodInvocationHelper.invokeHookable(MethodInvocationHelper.java:274)Korg.testng.internal.invokers.TestInvoker.invokeMethod(TestInvoker.java:678)Oorg.testng.internal.invokers.TestInvoker.invokeTestMethod(TestInvoker.java:230)xorg.testng.internal.invokers.TestMethodWithDataProviderMethodWorker.call(TestMethodWithDataProviderMethodWorker.java:81)=org.testng.internal.thread.Async$AsyncTask.run(Async.java:34)Yjava.base/java.util.concurrent.ThreadPoolExecutor.runWorker(ThreadPoolExecutor.java:1144)Yjava.base/java.util.concurrent.ThreadPoolExecutor$Worker.run(ThreadPoolExecutor.java:642)0java.base/java.lang.Thread.run(Thread.java:1583)B125
”
75ÃQeu.tsystems.mms.tic.testframework.execution.testng.worker.start.MethodStartWorkerSRun Test RunTesterraCucumberTest.runScenario("search many things", "google search") É”≈ä≤3*TestNG-PoolService-10B75
í
76ã=eu.tsystems.mms.tic.testframework.report.model.steps.TestStep&Begin "the user searches for "foobar"" Ñ‘≈ä≤3*TestNG-PoolService-10B76
»
77¡Keu.tsystems.mms.tic.testframework.webdrivermanager.WebDriverSessionsManagerÕNew DesktopWebDriverRequest (sessionKey=default, server=local) with capabilities:
{
  "goog:chromeOptions": {
    "args": [
      "--no-sandbox"
    ],
    "extensions": []
  },
  "browserName": "chrome"
} ‚‘≈ä≤3*TestNG-PoolService-10B77
ë
78äJeu.tsystems.mms.tic.testframework.webdrivermanager.DesktopWebDriverFactoryLocal WebDriver is used. ‘≈ä≤3*TestNG-PoolService-10B78
÷
79œKeu.tsystems.mms.tic.testframework.webdrivermanager.WebDriverSessionsManager\Started ChromeDriver (sessionKey=default, node=(unknown), userAgent=Chrome:141) in 00:03.098 ï≈ä≤3*TestNG-PoolService-10B79
◊
80–Meu.tsystems.mms.tic.testframework.webdrivermanager.EventLoggingDriverListener[Open http://google.de on ChromeDriver: chrome on windows (cea7d012da91c5b0c804c37029737f25) ôˆ≈ä≤3*TestNG-PoolService-10B80
à
81ÅMeu.tsystems.mms.tic.testframework.pageobjects.internal.facade.UiElementLoggerãclick() on GoogleSearchPage -> UiElement(By.xpath: //button/div[contains(text(), 'Ich stimme zu') or contains(text(), 'Alle akzeptieren')]) ˆÄ∆ä≤3*TestNG-PoolService-10B81
Ø
82®Meu.tsystems.mms.tic.testframework.pageobjects.internal.facade.UiElementLogger3sendKeys(foobar) on GoogleSearchPage -> inputSearch ˙Å∆ä≤3*TestNG-PoolService-10B82
ì
83å=eu.tsystems.mms.tic.testframework.report.model.steps.TestStep'Begin "an entry for "Invalid" is shown" ⁄¿∆ä≤3*TestNG-PoolService-10B83
±
87™Meu.tsystems.mms.tic.testframework.webdrivermanager.EventLoggingDriverListener5Switched to window "Google" (https://www.google.com/) í»∆ä≤3*TestNG-PoolService-10B87
©
90¢Keu.tsystems.mms.tic.testframework.webdrivermanager.WebDriverSessionsManager/Shutting down ChromeDriver (sessionKey=default) ÛÀ∆ä≤3*TestNG-PoolService-10B90
˛H
91˜HPeu.tsystems.mms.tic.testframework.execution.testng.worker.finish.MethodEndWorkerVFailed Test RunTesterraCucumberTest.runScenario("search many things", "google search") ÔÕ∆ä≤3*TestNG-PoolService-102•
=eu.tsystems.mms.tic.testframework.exceptions.TimeoutExceptionSequence timed out after 8séeu.tsystems.mms.tic.testframework.pageobjects.internal.core.GuiElementCoreSequenceDecorator.sequenced(GuiElementCoreSequenceDecorator.java:83)éeu.tsystems.mms.tic.testframework.pageobjects.internal.core.GuiElementCoreSequenceDecorator.sendKeys(GuiElementCoreSequenceDecorator.java:161)úeu.tsystems.mms.tic.testframework.pageobjects.internal.core.AbstractGuiElementCoreActionsDecorator.sendKeys(AbstractGuiElementCoreActionsDecorator.java:111)Veu.tsystems.mms.tic.testframework.pageobjects.GuiElement.sendKeys(GuiElement.java:331)Ueu.tsystems.mms.tic.testframework.pageobjects.GuiElement.sendKeys(GuiElement.java:71)feu.tsystems.mms.tic.testerra.test.cucumber.pages.GoogleSearchPage.searchTerm(GoogleSearchPage.java:25)deu.tsystems.mms.tic.testerra.test.cucumber.steps.StepDefinitions.iSearchFor(StepDefinitions.java:21)à‚úΩ.the user searches for "foobar"(file:///C:/dev/github_testerra-cucumber-connector/src/test/resources/features/GoogleSearch.feature:8)2õ 
Eeu.tsystems.mms.tic.testframework.exceptions.ElementNotFoundExceptionMGoogleSearchPage -> inputSearch(By.xpath: //input[@title='Suche']): not foundàeu.tsystems.mms.tic.testframework.pageobjects.internal.core.AbstractWebDriverCore.throwNotFoundException(AbstractWebDriverCore.java:126)âeu.tsystems.mms.tic.testframework.pageobjects.internal.core.AbstractWebDriverCore.lambda$findWebElement$2(AbstractWebDriverCore.java:267)Åeu.tsystems.mms.tic.testframework.pageobjects.internal.core.AbstractWebDriverCore.findWebElements(AbstractWebDriverCore.java:201)Äeu.tsystems.mms.tic.testframework.pageobjects.internal.core.AbstractWebDriverCore.findWebElement(AbstractWebDriverCore.java:231)zeu.tsystems.mms.tic.testframework.pageobjects.internal.core.AbstractWebDriverCore.sendKeys(AbstractWebDriverCore.java:405)òeu.tsystems.mms.tic.testframework.pageobjects.internal.core.GuiElementCoreSequenceDecorator.lambda$sendKeys$10(GuiElementCoreSequenceDecorator.java:162)óeu.tsystems.mms.tic.testframework.pageobjects.internal.core.GuiElementCoreSequenceDecorator.lambda$sequenced$0(GuiElementCoreSequenceDecorator.java:74)Feu.tsystems.mms.tic.testframework.utils.Sequence.run(Sequence.java:61)éeu.tsystems.mms.tic.testframework.pageobjects.internal.core.GuiElementCoreSequenceDecorator.sequenced(GuiElementCoreSequenceDecorator.java:72)éeu.tsystems.mms.tic.testframework.pageobjects.internal.core.GuiElementCoreSequenceDecorator.sendKeys(GuiElementCoreSequenceDecorator.java:161)úeu.tsystems.mms.tic.testframework.pageobjects.internal.core.AbstractGuiElementCoreActionsDecorator.sendKeys(AbstractGuiElementCoreActionsDecorator.java:111)Veu.tsystems.mms.tic.testframework.pageobjects.GuiElement.sendKeys(GuiElement.java:331)Ueu.tsystems.mms.tic.testframework.pageobjects.GuiElement.sendKeys(GuiElement.java:71)feu.tsystems.mms.tic.testerra.test.cucumber.pages.GoogleSearchPage.searchTerm(GoogleSearchPage.java:25)deu.tsystems.mms.tic.testerra.test.cucumber.steps.StepDefinitions.iSearchFor(StepDefinitions.java:21)ejava.base/jdk.internal.reflect.DirectMethodHandleAccessor.invoke(DirectMethodHandleAccessor.java:103):java.base/java.lang.reflect.Method.invoke(Method.java:580)0io.cucumber.java.Invoker.invoke(Invoker.java:27)Gio.cucumber.java.JavaStepDefinition.execute(JavaStepDefinition.java:27)\io.cucumber.core.runner.PickleStepDefinitionMatch.runStep(PickleStepDefinitionMatch.java:63)>io.cucumber.core.runner.TestStep.executeStep(TestStep.java:64)6io.cucumber.core.runner.TestStep.run(TestStep.java:49)Jio.cucumber.core.runner.PickleStepTestStep.run(PickleStepTestStep.java:46)6io.cucumber.core.runner.TestCase.run(TestCase.java:51)8io.cucumber.core.runner.Runner.runPickle(Runner.java:67)Rio.cucumber.testng.TestNGCucumberRunner.runScenario(TestNGCucumberRunner.java:124)_io.cucumber.testng.AbstractTestNGCucumberTests.runScenario(AbstractTestNGCucumberTests.java:29)ejava.base/jdk.internal.reflect.DirectMethodHandleAccessor.invoke(DirectMethodHandleAccessor.java:103):java.base/java.lang.reflect.Method.invoke(Method.java:580)aorg.testng.internal.invokers.MethodInvocationHelper.invokeMethod(MethodInvocationHelper.java:141)dorg.testng.internal.invokers.MethodInvocationHelper$1.runTestMethod(MethodInvocationHelper.java:260)]eu.tsystems.mms.tic.testframework.report.hooks.TestMethodHook.runHook(TestMethodHook.java:55)Xeu.tsystems.mms.tic.testframework.report.TesterraListener.run(TesterraListener.java:381)corg.testng.internal.invokers.MethodInvocationHelper.invokeHookable(MethodInvocationHelper.java:274)Korg.testng.internal.invokers.TestInvoker.invokeMethod(TestInvoker.java:678)Oorg.testng.internal.invokers.TestInvoker.invokeTestMethod(TestInvoker.java:230)xorg.testng.internal.invokers.TestMethodWithDataProviderMethodWorker.call(TestMethodWithDataProviderMethodWorker.java:81)=org.testng.internal.thread.Async$AsyncTask.run(Async.java:34)Yjava.base/java.util.concurrent.ThreadPoolExecutor.runWorker(ThreadPoolExecutor.java:1144)Yjava.base/java.util.concurrent.ThreadPoolExecutor$Worker.run(ThreadPoolExecutor.java:642)0java.base/java.lang.Thread.run(Thread.java:1583)2‡
java.lang.AssertionErrorJExpected that total elements [0] filtered [0] is greater or equal than [1]âeu.tsystems.mms.tic.testframework.pageobjects.internal.core.AbstractWebDriverCore.lambda$findWebElement$2(AbstractWebDriverCore.java:268)Åeu.tsystems.mms.tic.testframework.pageobjects.internal.core.AbstractWebDriverCore.findWebElements(AbstractWebDriverCore.java:201)Äeu.tsystems.mms.tic.testframework.pageobjects.internal.core.AbstractWebDriverCore.findWebElement(AbstractWebDriverCore.java:231)zeu.tsystems.mms.tic.testframework.pageobjects.internal.core.AbstractWebDriverCore.sendKeys(AbstractWebDriverCore.java:405)òeu.tsystems.mms.tic.testframework.pageobjects.internal.core.GuiElementCoreSequenceDecorator.lambda$sendKeys$10(GuiElementCoreSequenceDecorator.java:162)óeu.tsystems.mms.tic.testframework.pageobjects.internal.core.GuiElementCoreSequenceDecorator.lambda$sequenced$0(GuiElementCoreSequenceDecorator.java:74)Feu.tsystems.mms.tic.testframework.utils.Sequence.run(Sequence.java:61)éeu.tsystems.mms.tic.testframework.pageobjects.internal.core.GuiElementCoreSequenceDecorator.sequenced(GuiElementCoreSequenceDecorator.java:72)éeu.tsystems.mms.tic.testframework.pageobjects.internal.core.GuiElementCoreSequenceDecorator.sendKeys(GuiElementCoreSequenceDecorator.java:161)úeu.tsystems.mms.tic.testframework.pageobjects.internal.core.AbstractGuiElementCoreActionsDecorator.sendKeys(AbstractGuiElementCoreActionsDecorator.java:111)Veu.tsystems.mms.tic.testframework.pageobjects.GuiElement.sendKeys(GuiElement.java:331)Ueu.tsystems.mms.tic.testframework.pageobjects.GuiElement.sendKeys(GuiElement.java:71)feu.tsystems.mms.tic.testerra.test.cucumber.pages.GoogleSearchPage.searchTerm(GoogleSearchPage.java:25)deu.tsystems.mms.tic.testerra.test.cucumber.steps.StepDefinitions.iSearchFor(StepDefinitions.java:21)ejava.base/jdk.internal.reflect.DirectMethodHandleAccessor.invoke(DirectMethodHandleAccessor.java:103):java.base/java.lang.reflect.Method.invoke(Method.java:580)0io.cucumber.java.Invoker.invoke(Invoker.java:27)Gio.cucumber.java.JavaStepDefinition.execute(JavaStepDefinition.java:27)\io.cucumber.core.runner.PickleStepDefinitionMatch.runStep(PickleStepDefinitionMatch.java:63)>io.cucumber.core.runner.TestStep.executeStep(TestStep.java:64)6io.cucumber.core.runner.TestStep.run(TestStep.java:49)Jio.cucumber.core.runner.PickleStepTestStep.run(PickleStepTestStep.java:46)6io.cucumber.core.runner.TestCase.run(TestCase.java:51)8io.cucumber.core.runner.Runner.runPickle(Runner.java:67)Rio.cucumber.testng.TestNGCucumberRunner.runScenario(TestNGCucumberRunner.java:124)_io.cucumber.testng.AbstractTestNGCucumberTests.runScenario(AbstractTestNGCucumberTests.java:29)ejava.base/jdk.internal.reflect.DirectMethodHandleAccessor.invoke(DirectMethodHandleAccessor.java:103):java.base/java.lang.reflect.Method.invoke(Method.java:580)aorg.testng.internal.invokers.MethodInvocationHelper.invokeMethod(MethodInvocationHelper.java:141)dorg.testng.internal.invokers.MethodInvocationHelper$1.runTestMethod(MethodInvocationHelper.java:260)]eu.tsystems.mms.tic.testframework.report.hooks.TestMethodHook.runHook(TestMethodHook.java:55)Xeu.tsystems.mms.tic.testframework.report.TesterraListener.run(TesterraListener.java:381)corg.testng.internal.invokers.MethodInvocationHelper.invokeHookable(MethodInvocationHelper.java:274)Korg.testng.internal.invokers.TestInvoker.invokeMethod(TestInvoker.java:678)Oorg.testng.internal.invokers.TestInvoker.invokeTestMethod(TestInvoker.java:230)xorg.testng.internal.invokers.TestMethodWithDataProviderMethodWorker.call(TestMethodWithDataProviderMethodWorker.java:81)=org.testng.internal.thread.Async$AsyncTask.run(Async.java:34)Yjava.base/java.util.concurrent.ThreadPoolExecutor.runWorker(ThreadPoolExecutor.java:1144)Yjava.base/java.util.concurrent.ThreadPoolExecutor$Worker.run(ThreadPoolExecutor.java:642)0java.base/java.lang.Thread.run(Thread.java:1583)B91
“
58ÀQeu.tsystems.mms.tic.testframework.execution.testng.worker.start.MethodStartWorkerSRun Test RunTesterraCucumberTest.runScenario("search many things", "google search") Å”≈ä≤3*TestNG-PoolService-8B58
ï
59é=eu.tsystems.mms.tic.testframework.report.model.steps.TestStep*Begin "the user searches for "tagesschau"" Ö‘≈ä≤3*TestNG-PoolService-8B59
«
60¿Keu.tsystems.mms.tic.testframework.webdrivermanager.WebDriverSessionsManagerÕNew DesktopWebDriverRequest (sessionKey=default, server=local) with capabilities:
{
  "goog:chromeOptions": {
    "args": [
      "--no-sandbox"
    ],
    "extensions": []
  },
  "browserName": "chrome"
} „‘≈ä≤3*TestNG-PoolService-8B60
ê
61âJeu.tsystems.mms.tic.testframework.webdrivermanager.DesktopWebDriverFactoryLocal WebDriver is used. ‘≈ä≤3*TestNG-PoolService-8B61
’
62ŒKeu.tsystems.mms.tic.testframework.webdrivermanager.WebDriverSessionsManager\Started ChromeDriver (sessionKey=default, node=(unknown), userAgent=Chrome:141) in 00:03.084 ñ≈ä≤3*TestNG-PoolService-8B62
÷
63œMeu.tsystems.mms.tic.testframework.webdrivermanager.EventLoggingDriverListener[Open http://google.de on ChromeDriver: chrome on windows (d80abeafab42933efc3850988e188482) ôˆ≈ä≤3*TestNG-PoolService-8B63
á
64ÄMeu.tsystems.mms.tic.testframework.pageobjects.internal.facade.UiElementLoggerãclick() on GoogleSearchPage -> UiElement(By.xpath: //button/div[contains(text(), 'Ich stimme zu') or contains(text(), 'Alle akzeptieren')]) ıÄ∆ä≤3*TestNG-PoolService-8B64
≤
65´Meu.tsystems.mms.tic.testframework.pageobjects.internal.facade.UiElementLogger7sendKeys(tagesschau) on GoogleSearchPage -> inputSearch ˙Å∆ä≤3*TestNG-PoolService-8B65
ï
66é=eu.tsystems.mms.tic.testframework.report.model.steps.TestStep*Begin "an entry for "Tagesschau" is shown" ⁄¿∆ä≤3*TestNG-PoolService-8B66
∞
70©Meu.tsystems.mms.tic.testframework.webdrivermanager.EventLoggingDriverListener5Switched to window "Google" (https://www.google.com/) íƒ∆ä≤3*TestNG-PoolService-8B70
®
73°Keu.tsystems.mms.tic.testframework.webdrivermanager.WebDriverSessionsManager/Shutting down ChromeDriver (sessionKey=default) î∆∆ä≤3*TestNG-PoolService-8B73
ÅI
74˙HPeu.tsystems.mms.tic.testframework.execution.testng.worker.finish.MethodEndWorkerVFailed Test RunTesterraCucumberTest.runScenario("search many things", "google search") ÛÀ∆ä≤3*TestNG-PoolService-82©
=eu.tsystems.mms.tic.testframework.exceptions.TimeoutExceptionSequence timed out after 8séeu.tsystems.mms.tic.testframework.pageobjects.internal.core.GuiElementCoreSequenceDecorator.sequenced(GuiElementCoreSequenceDecorator.java:83)éeu.tsystems.mms.tic.testframework.pageobjects.internal.core.GuiElementCoreSequenceDecorator.sendKeys(GuiElementCoreSequenceDecorator.java:161)úeu.tsystems.mms.tic.testframework.pageobjects.internal.core.AbstractGuiElementCoreActionsDecorator.sendKeys(AbstractGuiElementCoreActionsDecorator.java:111)Veu.tsystems.mms.tic.testframework.pageobjects.GuiElement.sendKeys(GuiElement.java:331)Ueu.tsystems.mms.tic.testframework.pageobjects.GuiElement.sendKeys(GuiElement.java:71)feu.tsystems.mms.tic.testerra.test.cucumber.pages.GoogleSearchPage.searchTerm(GoogleSearchPage.java:25)deu.tsystems.mms.tic.testerra.test.cucumber.steps.StepDefinitions.iSearchFor(StepDefinitions.java:21)å‚úΩ.the user searches for "tagesschau"(file:///C:/dev/github_testerra-cucumber-connector/src/test/resources/features/GoogleSearch.feature:8)2õ 
Eeu.tsystems.mms.tic.testframework.exceptions.ElementNotFoundExceptionMGoogleSearchPage -> inputSearch(By.xpath: //input[@title='Suche']): not foundàeu.tsystems.mms.tic.testframework.pageobjects.internal.core.AbstractWebDriverCore.throwNotFoundException(AbstractWebDriverCore.java:126)âeu.tsystems.mms.tic.testframework.pageobjects.internal.core.AbstractWebDriverCore.lambda$findWebElement$2(AbstractWebDriverCore.java:267)Åeu.tsystems.mms.tic.testframework.pageobjects.internal.core.AbstractWebDriverCore.findWebElements(AbstractWebDriverCore.java:201)Äeu.tsystems.mms.tic.testframework.pageobjects.internal.core.AbstractWebDriverCore.findWebElement(AbstractWebDriverCore.java:231)zeu.tsystems.mms.tic.testframework.pageobjects.internal.core.AbstractWebDriverCore.sendKeys(AbstractWebDriverCore.java:405)òeu.tsystems.mms.tic.testframework.pageobjects.internal.core.GuiElementCoreSequenceDecorator.lambda$sendKeys$10(GuiElementCoreSequenceDecorator.java:162)óeu.tsystems.mms.tic.testframework.pageobjects.internal.core.GuiElementCoreSequenceDecorator.lambda$sequenced$0(GuiElementCoreSequenceDecorator.java:74)Feu.tsystems.mms.tic.testframework.utils.Sequence.run(Sequence.java:61)éeu.tsystems.mms.tic.testframework.pageobjects.internal.core.GuiElementCoreSequenceDecorator.sequenced(GuiElementCoreSequenceDecorator.java:72)éeu.tsystems.mms.tic.testframework.pageobjects.internal.core.GuiElementCoreSequenceDecorator.sendKeys(GuiElementCoreSequenceDecorator.java:161)úeu.tsystems.mms.tic.testframework.pageobjects.internal.core.AbstractGuiElementCoreActionsDecorator.sendKeys(AbstractGuiElementCoreActionsDecorator.java:111)Veu.tsystems.mms.tic.testframework.pageobjects.GuiElement.sendKeys(GuiElement.java:331)Ueu.tsystems.mms.tic.testframework.pageobjects.GuiElement.sendKeys(GuiElement.java:71)feu.tsystems.mms.tic.testerra.test.cucumber.pages.GoogleSearchPage.searchTerm(GoogleSearchPage.java:25)deu.tsystems.mms.tic.testerra.test.cucumber.steps.StepDefinitions.iSearchFor(StepDefinitions.java:21)ejava.base/jdk.internal.reflect.DirectMethodHandleAccessor.invoke(DirectMethodHandleAccessor.java:103):java.base/java.lang.reflect.Method.invoke(Method.java:580)0io.cucumber.java.Invoker.invoke(Invoker.java:27)Gio.cucumber.java.JavaStepDefinition.execute(JavaStepDefinition.java:27)\io.cucumber.core.runner.PickleStepDefinitionMatch.runStep(PickleStepDefinitionMatch.java:63)>io.cucumber.core.runner.TestStep.executeStep(TestStep.java:64)6io.cucumber.core.runner.TestStep.run(TestStep.java:49)Jio.cucumber.core.runner.PickleStepTestStep.run(PickleStepTestStep.java:46)6io.cucumber.core.runner.TestCase.run(TestCase.java:51)8io.cucumber.core.runner.Runner.runPickle(Runner.java:67)Rio.cucumber.testng.TestNGCucumberRunner.runScenario(TestNGCucumberRunner.java:124)_io.cucumber.testng.AbstractTestNGCucumberTests.runScenario(AbstractTestNGCucumberTests.java:29)ejava.base/jdk.internal.reflect.DirectMethodHandleAccessor.invoke(DirectMethodHandleAccessor.java:103):java.base/java.lang.reflect.Method.invoke(Method.java:580)aorg.testng.internal.invokers.MethodInvocationHelper.invokeMethod(MethodInvocationHelper.java:141)dorg.testng.internal.invokers.MethodInvocationHelper$1.runTestMethod(MethodInvocationHelper.java:260)]eu.tsystems.mms.tic.testframework.report.hooks.TestMethodHook.runHook(TestMethodHook.java:55)Xeu.tsystems.mms.tic.testframework.report.TesterraListener.run(TesterraListener.java:381)corg.testng.internal.invokers.MethodInvocationHelper.invokeHookable(MethodInvocationHelper.java:274)Korg.testng.internal.invokers.TestInvoker.invokeMethod(TestInvoker.java:678)Oorg.testng.internal.invokers.TestInvoker.invokeTestMethod(TestInvoker.java:230)xorg.testng.internal.invokers.TestMethodWithDataProviderMethodWorker.call(TestMethodWithDataProviderMethodWorker.java:81)=org.testng.internal.thread.Async$AsyncTask.run(Async.java:34)Yjava.base/java.util.concurrent.ThreadPoolExecutor.runWorker(ThreadPoolExecutor.java:1144)Yjava.base/java.util.concurrent.ThreadPoolExecutor$Worker.run(ThreadPoolExecutor.java:642)0java.base/java.lang.Thread.run(Thread.java:1583)2‡
java.lang.AssertionErrorJExpected that total elements [0] filtered [0] is greater or equal than [1]âeu.tsystems.mms.tic.testframework.pageobjects.internal.core.AbstractWebDriverCore.lambda$findWebElement$2(AbstractWebDriverCore.java:268)Åeu.tsystems.mms.tic.testframework.pageobjects.internal.core.AbstractWebDriverCore.findWebElements(AbstractWebDriverCore.java:201)Äeu.tsystems.mms.tic.testframework.pageobjects.internal.core.AbstractWebDriverCore.findWebElement(AbstractWebDriverCore.java:231)zeu.tsystems.mms.tic.testframework.pageobjects.internal.core.AbstractWebDriverCore.sendKeys(AbstractWebDriverCore.java:405)òeu.tsystems.mms.tic.testframework.pageobjects.internal.core.GuiElementCoreSequenceDecorator.lambda$sendKeys$10(GuiElementCoreSequenceDecorator.java:162)óeu.tsystems.mms.tic.testframework.pageobjects.internal.core.GuiElementCoreSequenceDecorator.lambda$sequenced$0(GuiElementCoreSequenceDecorator.java:74)Feu.tsystems.mms.tic.testframework.utils.Sequence.run(Sequence.java:61)éeu.tsystems.mms.tic.testframework.pageobjects.internal.core.GuiElementCoreSequenceDecorator.sequenced(GuiElementCoreSequenceDecorator.java:72)éeu.tsystems.mms.tic.testframework.pageobjects.internal.core.GuiElementCoreSequenceDecorator.sendKeys(GuiElementCoreSequenceDecorator.java:161)úeu.tsystems.mms.tic.testframework.pageobjects.internal.core.AbstractGuiElementCoreActionsDecorator.sendKeys(AbstractGuiElementCoreActionsDecorator.java:111)Veu.tsystems.mms.tic.testframework.pageobjects.GuiElement.sendKeys(GuiElement.java:331)Ueu.tsystems.mms.tic.testframework.pageobjects.GuiElement.sendKeys(GuiElement.java:71)feu.tsystems.mms.tic.testerra.test.cucumber.pages.GoogleSearchPage.searchTerm(GoogleSearchPage.java:25)deu.tsystems.mms.tic.testerra.test.cucumber.steps.StepDefinitions.iSearchFor(StepDefinitions.java:21)ejava.base/jdk.internal.reflect.DirectMethodHandleAccessor.invoke(DirectMethodHandleAccessor.java:103):java.base/java.lang.reflect.Method.invoke(Method.java:580)0io.cucumber.java.Invoker.invoke(Invoker.java:27)Gio.cucumber.java.JavaStepDefinition.execute(JavaStepDefinition.java:27)\io.cucumber.core.runner.PickleStepDefinitionMatch.runStep(PickleStepDefinitionMatch.java:63)>io.cucumber.core.runner.TestStep.executeStep(TestStep.java:64)6io.cucumber.core.runner.TestStep.run(TestStep.java:49)Jio.cucumber.core.runner.PickleStepTestStep.run(PickleStepTestStep.java:46)6io.cucumber.core.runner.TestCase.run(TestCase.java:51)8io.cucumber.core.runner.Runner.runPickle(Runner.java:67)Rio.cucumber.testng.TestNGCucumberRunner.runScenario(TestNGCucumberRunner.java:124)_io.cucumber.testng.AbstractTestNGCucumberTests.runScenario(AbstractTestNGCucumberTests.java:29)ejava.base/jdk.internal.reflect.DirectMethodHandleAccessor.invoke(DirectMethodHandleAccessor.java:103):java.base/java.lang.reflect.Method.invoke(Method.java:580)aorg.testng.internal.invokers.MethodInvocationHelper.invokeMethod(MethodInvocationHelper.java:141)dorg.testng.internal.invokers.MethodInvocationHelper$1.runTestMethod(MethodInvocationHelper.java:260)]eu.tsystems.mms.tic.testframework.report.hooks.TestMethodHook.runHook(TestMethodHook.java:55)Xeu.tsystems.mms.tic.testframework.report.TesterraListener.run(TesterraListener.java:381)corg.testng.internal.invokers.MethodInvocationHelper.invokeHookable(MethodInvocationHelper.java:274)Korg.testng.internal.invokers.TestInvoker.invokeMethod(TestInvoker.java:678)Oorg.testng.internal.invokers.TestInvoker.invokeTestMethod(TestInvoker.java:230)xorg.testng.internal.invokers.TestMethodWithDataProviderMethodWorker.call(TestMethodWithDataProviderMethodWorker.java:81)=org.testng.internal.thread.Async$AsyncTask.run(Async.java:34)Yjava.base/java.util.concurrent.ThreadPoolExecutor.runWorker(ThreadPoolExecutor.java:1144)Yjava.base/java.util.concurrent.ThreadPoolExecutor$Worker.run(ThreadPoolExecutor.java:642)0java.base/java.lang.Thread.run(Thread.java:1583)B74
å
143Ñ1eu.tsystems.mms.tic.testframework.common.Testerra4#################################################### òÕ≈ä≤3*Test workerB143
å
144Ñ1eu.tsystems.mms.tic.testframework.common.Testerra4#                     .8t .                        # ÷Õ≈ä≤3*Test workerB144
å
145Ñ1eu.tsystems.mms.tic.testframework.common.Testerra4#                    .8t ;;                        # ÷Õ≈ä≤3*Test workerB145
å
146Ñ1eu.tsystems.mms.tic.testframework.common.Testerra4#                   :@S %S8:;                      # ÷Õ≈ä≤3*Test workerB146
å
147Ñ1eu.tsystems.mms.tic.testframework.common.Testerra4#                   88   8   ;.                    # ÷Õ≈ä≤3*Test workerB147
å
148Ñ1eu.tsystems.mms.tic.testframework.common.Testerra4#                 .X8.   SS .8 ;                   # ◊Õ≈ä≤3*Test workerB148
å
149Ñ1eu.tsystems.mms.tic.testframework.common.Testerra4#                 @8.     88.  X..8                # ◊Õ≈ä≤3*Test workerB149
å
150Ñ1eu.tsystems.mms.tic.testframework.common.Testerra4#       .SX.    88        %S @..S X8               # ◊Õ≈ä≤3*Test workerB150
å
151Ñ1eu.tsystems.mms.tic.testframework.common.Testerra4#       .88 8.  SS          8 ;   %8@t             # ◊Õ≈ä≤3*Test workerB151
å
152Ñ1eu.tsystems.mms.tic.testframework.common.Testerra4#       @8 88;ttX;.         ::     @8;@@           # ◊Õ≈ä≤3*Test workerB152
å
153Ñ1eu.tsystems.mms.tic.testframework.common.Testerra4#      88.  @X:X;                   @S :@@         # ◊Õ≈ä≤3*Test workerB153
å
154Ñ1eu.tsystems.mms.tic.testframework.common.Testerra4#    .88.   .XX:                    .8.. ;8@       # ◊Õ≈ä≤3*Test workerB154
å
155Ñ1eu.tsystems.mms.tic.testframework.common.Testerra4#    X@                               X@ . 8S      # ◊Õ≈ä≤3*Test workerB155
å
156Ñ1eu.tsystems.mms.tic.testframework.common.Testerra4#  .%@:                                X8.  ;8X    # ◊Õ≈ä≤3*Test workerB156
å
157Ñ1eu.tsystems.mms.tic.testframework.common.Testerra4#  tt@XXXXXXXXXXXXXXXXXXXXXXXXXXXXXXXXXSS%@8@8S::  # ÿÕ≈ä≤3*Test workerB157
å
158Ñ1eu.tsystems.mms.tic.testframework.common.Testerra4#                                                  # ÿÕ≈ä≤3*Test workerB158
å
159Ñ1eu.tsystems.mms.tic.testframework.common.Testerra4#    T    E     S     T     E    R     R     A     # ÿÕ≈ä≤3*Test workerB159
å
160Ñ1eu.tsystems.mms.tic.testframework.common.Testerra4#                                                  # ÿÕ≈ä≤3*Test workerB160
å
161Ñ1eu.tsystems.mms.tic.testframework.common.Testerra4#                  2-474-SNAPSHOT                  # ÿÕ≈ä≤3*Test workerB161
å
162Ñ1eu.tsystems.mms.tic.testframework.common.Testerra4#################################################### ÿÕ≈ä≤3*Test workerB162
å
163Ñ1eu.tsystems.mms.tic.testframework.common.Testerra4# build.java.version: 11                           # ⁄Õ≈ä≤3*Test workerB163
å
164Ñ1eu.tsystems.mms.tic.testframework.common.Testerra4# build.os.name:      Linux                        # ⁄Õ≈ä≤3*Test workerB164
å
165Ñ1eu.tsystems.mms.tic.testframework.common.Testerra4# build.os.arch:      amd64                        # €Õ≈ä≤3*Test workerB165
å
166Ñ1eu.tsystems.mms.tic.testframework.common.Testerra4# build.os.version:   5.15.0-107-generic           # €Õ≈ä≤3*Test workerB166
å
167Ñ1eu.tsystems.mms.tic.testframework.common.Testerra4# build.user.name:    root                         # €Õ≈ä≤3*Test workerB167
å
168Ñ1eu.tsystems.mms.tic.testframework.common.Testerra4# build.timestamp:    Wed May 28 13:37:48 UTC 2025 # €Õ≈ä≤3*Test workerB168
å
169Ñ1eu.tsystems.mms.tic.testframework.common.Testerra4#################################################### ‹Õ≈ä≤3*Test workerB169
Ã
170ƒ1eu.tsystems.mms.tic.testframework.common.TesterratRegister IoC modules: CoreHook, DriverUiHook, DriverUi_Desktop, CucumberConnectorHook, ReportModelHook, ReportNgHook Øœ≈ä≤3*Test workerB170
ä
171Ç=eu.tsystems.mms.tic.testframework.report.TestStatusControllerTest report DEFAULT: 1 Passed æ‘≈ä≤3*TestNG-PoolService-5B171
î
172å=eu.tsystems.mms.tic.testframework.report.TestStatusController'Test report DEFAULT: 1 Failed, 1 Passed æ‘≈ä≤3*TestNG-PoolService-1B172
î
173å=eu.tsystems.mms.tic.testframework.report.TestStatusController'Test report DEFAULT: 2 Failed, 1 Passed Ñ∆∆ä≤3*TestNG-PoolService-7B173
î
174å=eu.tsystems.mms.tic.testframework.report.TestStatusController'Test report DEFAULT: 3 Failed, 1 Passed ˘À∆ä≤3*TestNG-PoolService-8B174
ï
175ç=eu.tsystems.mms.tic.testframework.report.TestStatusController'Test report DEFAULT: 4 Failed, 1 Passed ÛÕ∆ä≤3*TestNG-PoolService-10B175
î
176å=eu.tsystems.mms.tic.testframework.report.TestStatusController'Test report DEFAULT: 5 Failed, 1 Passed õ–∆ä≤3*TestNG-PoolService-9B176
î
177å=eu.tsystems.mms.tic.testframework.report.TestStatusController'Test report DEFAULT: 6 Failed, 1 Passed «ﬁ∆ä≤3*TestNG-PoolService-6B177
ù
178ï9eu.tsystems.mms.tic.testframework.report.TesterraListener=Triggering report generation after successful test execution. ÿﬁ∆ä≤3*Test workerB178
ù
179ï=eu.tsystems.mms.tic.testframework.report.ExecutionEndListener9*** Stats: ********************************************** ⁄ﬁ∆ä≤3*Test workerB179
à
180Ä=eu.tsystems.mms.tic.testframework.report.ExecutionEndListener$*** Stats: ExecutionContext: DEFAULT €ﬁ∆ä≤3*Test workerB180

181x=eu.tsystems.mms.tic.testframework.report.ExecutionEndListener*** Stats: SuiteContexts:  1 ›ﬁ∆ä≤3*Test workerB181

182x=eu.tsystems.mms.tic.testframework.report.ExecutionEndListener*** Stats: TestContexts:   1 ﬁﬁ∆ä≤3*Test workerB182

183x=eu.tsystems.mms.tic.testframework.report.ExecutionEndListener*** Stats: ClassContexts:  3 ﬁﬁ∆ä≤3*Test workerB183
Ä
184y=eu.tsystems.mms.tic.testframework.report.ExecutionEndListener*** Stats: MethodContexts: 13 ﬁﬁ∆ä≤3*Test workerB184
ù
185ï=eu.tsystems.mms.tic.testframework.report.ExecutionEndListener9*** Stats: ********************************************** ﬂﬁ∆ä≤3*Test workerB185
ì
186ã=eu.tsystems.mms.tic.testframework.report.ExecutionEndListener/*** Stats: Test Methods Count: 10 (10 relevant) ﬂﬁ∆ä≤3*Test workerB186
w
187p=eu.tsystems.mms.tic.testframework.report.ExecutionEndListener*** Stats: Failed: 6 ‡ﬁ∆ä≤3*Test workerB187
w
188p=eu.tsystems.mms.tic.testframework.report.ExecutionEndListener*** Stats: Passed: 1 ‡ﬁ∆ä≤3*Test workerB188
ù
189ï=eu.tsystems.mms.tic.testframework.report.ExecutionEndListener9*** Stats: ********************************************** ·ﬁ∆ä≤3*Test workerB189
é
190Ü=eu.tsystems.mms.tic.testframework.report.ExecutionEndListener**** Stats: ExecutionContext Status: Failed ‚ﬁ∆ä≤3*Test workerB190
å
191Ñ=eu.tsystems.mms.tic.testframework.report.ExecutionEndListener(*** Stats: FailureCorridor Enabled: true ‚ﬁ∆ä≤3*Test workerB191
ù
192ï=eu.tsystems.mms.tic.testframework.report.ExecutionEndListener9*** Stats: ********************************************** „ﬁ∆ä≤3*Test workerB192
¶
193û=eu.tsystems.mms.tic.testframework.report.ExecutionEndListenerB*** Stats: FailureCorridor Status : H-M-L: 6*-0-0 (0-0-0) -NOT OK- Êﬁ∆ä≤3*Test workerB193
ù
194ï=eu.tsystems.mms.tic.testframework.report.ExecutionEndListener9*** Stats: ********************************************** Áﬁ∆ä≤3*Test workerB194
É
195|=eu.tsystems.mms.tic.testframework.report.ExecutionEndListener *** Stats: Duration: 18 s 620 ms Îﬁ∆ä≤3*Test workerB195
ù
196ï=eu.tsystems.mms.tic.testframework.report.ExecutionEndListener9*** Stats: ********************************************** Îﬁ∆ä≤3*Test workerB196
ï
197ç=eu.tsystems.mms.tic.testframework.report.ExecutionEndListener1Report generated after successful test execution. Ïﬁ∆ä≤3*Test workerB197